<?xml version="1.0" encoding="UTF-8"?>
<!-- Generated by org.testng.reporters.JUnitReportReporter -->
<testsuite hostname="Lenovo-PC" failures="0" tests="1" name="scripts.SearchBoxTextSelenium" time="16.572" errors="0" timestamp="2021-10-20T08:01:39 IST" skipped="0">
  <testcase classname="scripts.SearchBoxTextSelenium" name="Tc2" time="16.572"/>
  <system-out/>
</testsuite> <!-- scripts.SearchBoxTextSelenium -->
