<?xml version="1.0" encoding="UTF-8"?>
<!-- Generated by org.testng.reporters.JUnitReportReporter -->
<testsuite hostname="Lenovo-PC" failures="0" tests="1" name="scripts.AddingToCart" time="10.574" errors="0" timestamp="2021-10-18T19:22:43 IST" skipped="0">
  <testcase classname="scripts.AddingToCart" name="tc1" time="10.574"/>
  <system-out/>
</testsuite> <!-- scripts.AddingToCart -->
