<?xml version="1.0" encoding="UTF-8"?>
<!-- Generated by org.testng.reporters.JUnitReportReporter -->
<testsuite hostname="Lenovo-PC" failures="0" tests="1" name="Maven.Test1" time="0.009" errors="0" timestamp="2021-11-12T14:03:25 IST" skipped="0">
  <testcase classname="Maven.Test1" name="test1" time="0.009"/>
  <system-out/>
</testsuite> <!-- Maven.Test1 -->
